<?xml version="1.0" encoding="UTF-8"?>
<!-- Generated by org.testng.reporters.JUnitXMLReporter -->
<testsuite ignored="0" hostname="LAPTOP-KA4DGM33" failures="0" tests="7" name="HomePage" time="0.793" errors="0" timestamp="2022-10-30T11:43:48 IST">
  <testcase classname="com.ParaBank.testScripts.HomePageTest" name="@BeforeTest beforeTest" time="0.779">
    <failure type="org.openqa.selenium.SessionNotCreatedException" message="Could not start a new session. Response code 500. Message: session not created: This version of ChromeDriver only supports Chrome version 105
Current browser version is 107.0.5304.88 with binary path C:\Program Files\Google\Chrome\Application\chrome.exe 
Host info: host: &amp;apos;LAPTOP-KA4DGM33&amp;apos;, ip: &amp;apos;192.168.181.1&amp;apos;
Build info: version: &amp;apos;4.5.3&amp;apos;, revision: &amp;apos;4b786a1e430&amp;apos;
System info: os.name: &amp;apos;Windows 10&amp;apos;, os.arch: &amp;apos;amd64&amp;apos;, os.version: &amp;apos;10.0&amp;apos;, java.version: &amp;apos;17.0.3&amp;apos;
Driver info: org.openqa.selenium.chrome.ChromeDriver
Command: [null, newSession {capabilities=[Capabilities {browserName: chrome, goog:chromeOptions: {args: [], extensions: []}}], desiredCapabilities=Capabilities {browserName: chrome, goog:chromeOptions: {args: [], extensions: []}}}]">
      <![CDATA[org.openqa.selenium.SessionNotCreatedException: Could not start a new session. Response code 500. Message: session not created: This version of ChromeDriver only supports Chrome version 105
Current browser version is 107.0.5304.88 with binary path C:\Program Files\Google\Chrome\Application\chrome.exe 
Host info: host: 'LAPTOP-KA4DGM33', ip: '192.168.181.1'
Build info: version: '4.5.3', revision: '4b786a1e430'
System info: os.name: 'Windows 10', os.arch: 'amd64', os.version: '10.0', java.version: '17.0.3'
Driver info: org.openqa.selenium.chrome.ChromeDriver
Command: [null, newSession {capabilities=[Capabilities {browserName: chrome, goog:chromeOptions: {args: [], extensions: []}}], desiredCapabilities=Capabilities {browserName: chrome, goog:chromeOptions: {args: [], extensions: []}}}]
at org.openqa.selenium.remote.ProtocolHandshake.createSession(ProtocolHandshake.java:144)
at org.openqa.selenium.remote.ProtocolHandshake.createSession(ProtocolHandshake.java:102)
at org.openqa.selenium.remote.ProtocolHandshake.createSession(ProtocolHandshake.java:67)
at org.openqa.selenium.remote.HttpCommandExecutor.execute(HttpCommandExecutor.java:156)
at org.openqa.selenium.remote.service.DriverCommandExecutor.invokeExecute(DriverCommandExecutor.java:167)
at org.openqa.selenium.remote.service.DriverCommandExecutor.execute(DriverCommandExecutor.java:142)
at org.openqa.selenium.remote.RemoteWebDriver.execute(RemoteWebDriver.java:541)
at org.openqa.selenium.remote.RemoteWebDriver.startSession(RemoteWebDriver.java:242)
at org.openqa.selenium.remote.RemoteWebDriver.<init>(RemoteWebDriver.java:157)
at org.openqa.selenium.chromium.ChromiumDriver.<init>(ChromiumDriver.java:101)
at org.openqa.selenium.chrome.ChromeDriver.<init>(ChromeDriver.java:81)
at org.openqa.selenium.chrome.ChromeDriver.<init>(ChromeDriver.java:70)
at com.ParaBank.base.BaseClass.sourceDriver(BaseClass.java:41)
at com.ParaBank.testScripts.HomePageTest.beforeTest(HomePageTest.java:26)
... Removed 24 stack frames]]>
    </failure>
  </testcase> <!-- @BeforeTest beforeTest -->
  <testcase classname="com.ParaBank.testScripts.HomePageTest" name="@AfterTest tearDown" time="-1.667110428747E9">
    <skipped/>
  </testcase> <!-- @AfterTest tearDown -->
  <testcase classname="com.ParaBank.testScripts.HomePageTest" name="BillsLinkStatusTest" time="0.0">
    <skipped/>
  </testcase> <!-- BillsLinkStatusTest -->
  <testcase classname="com.ParaBank.testScripts.HomePageTest" name="FindTranLinkStatusTest" time="0.0">
    <skipped/>
  </testcase> <!-- FindTranLinkStatusTest -->
  <testcase classname="com.ParaBank.testScripts.HomePageTest" name="LoanLinkStatusTest" time="0.0">
    <skipped/>
  </testcase> <!-- LoanLinkStatusTest -->
  <testcase classname="com.ParaBank.testScripts.HomePageTest" name="LogoutLinkStatusTest" time="0.0">
    <skipped/>
  </testcase> <!-- LogoutLinkStatusTest -->
  <testcase classname="com.ParaBank.testScripts.HomePageTest" name="NewAccountLinkStatusTest" time="0.0">
    <skipped/>
  </testcase> <!-- NewAccountLinkStatusTest -->
  <testcase classname="com.ParaBank.testScripts.HomePageTest" name="OverViewLinkStatusTest" time="0.0">
    <skipped/>
  </testcase> <!-- OverViewLinkStatusTest -->
  <testcase classname="com.ParaBank.testScripts.HomePageTest" name="TransferFundsLinkStatusTest" time="0.0">
    <skipped/>
  </testcase> <!-- TransferFundsLinkStatusTest -->
</testsuite> <!-- HomePage -->
